<?xml version='1.0'?>
<ns2:test-suite xmlns:ns2='urn:model.allure.qatools.yandex.ru' start='1606169317282' stop='1606169477732'>
    <name>Paid blocks</name>
    <title>Paid blocks</title>
    <test-cases>
        <test-case start='1606169357725' status='failed' stop='1606169398982'>
            <name>MailChimp Block</name>
            <title>MailChimp Block</title>
            <labels/>
            <parameters/>
            <steps>
                <step start='1606169357727' status='undefined'>
                    <name>Can visit the block editor and add a MailChimp block</name>
                    <title>Can visit the block editor and add a MailChimp block</title>
                    <attachments>
                        <attachment title='Test failed: Paid blocks :: MailChimp Block' source='5b3c6eac-3f50-4c5d-91b7-4381e80f3103-attachment.png' type='image/png' size='41214'/>
                    </attachments>
                    <steps/>
                </step>
            </steps>
            <attachments/>
            <failure>
                <message>TimeoutError: page.click: Timeout 30000ms exceeded.
                =========================== logs ===========================
                waiting for selector ".edit-post-header [aria-label="Add block"]"
                  selector resolved to visible &lt;button disabled type="button" id="id-bburj0-1" aria-pre…>…&lt;/button>
                attempting click action
                  waiting for element to be visible, enabled and not moving
                    element is disabled - waiting...
                ============================================================
                Note: use DEBUG=pw:api environment variable and rerun to capture Playwright logs.</message>
                <stack-trace>page.click: Timeout 30000ms exceeded.
                =========================== logs ===========================
                waiting for selector ".edit-post-header [aria-label="Add block"]"
                  selector resolved to visible &lt;button disabled type="button" id="id-bburj0-1" aria-pre…>…&lt;/button>
                attempting click action
                  waiting for element to be visible, enabled and not moving
                    element is disabled - waiting...
                ============================================================
                Note: use DEBUG=pw:api environment variable and rerun to capture Playwright logs.: 
                    at Connection.sendMessageToServer (/home/runner/work/jetpack/jetpack/node_modules/playwright/lib/client/connection.js:69:15)
                    at Proxy.&lt;anonymous> (/home/runner/work/jetpack/jetpack/node_modules/playwright/lib/client/channelOwner.js:54:53)
                    at /home/runner/work/jetpack/jetpack/node_modules/playwright/lib/client/frame.js:257:40
                    at Frame._wrapApiCall (/home/runner/work/jetpack/jetpack/node_modules/playwright/lib/client/channelOwner.js:80:34)
                    at Frame.click (/home/runner/work/jetpack/jetpack/node_modules/playwright/lib/client/frame.js:256:21)
                    at /home/runner/work/jetpack/jetpack/node_modules/playwright/lib/client/page.js:403:60
                    at Page._attributeToPage (/home/runner/work/jetpack/jetpack/node_modules/playwright/lib/client/page.js:202:20)
                    at Page.click (/home/runner/work/jetpack/jetpack/node_modules/playwright/lib/client/page.js:403:21)
                    at click (/home/runner/work/jetpack/jetpack/node_modules/@wordpress/e2e-test-utils/build/@wordpress/e2e-test-utils/src/open-global-block-inserter.js:5:13)
                    at tryCatch (/home/runner/work/jetpack/jetpack/node_modules/regenerator-runtime/runtime.js:45:40)</stack-trace>
            </failure>
        </test-case>
        <test-case start='1606169398982' status='failed' stop='1606169436538'>
            <name>Pay with PayPal</name>
            <title>Pay with PayPal</title>
            <labels/>
            <parameters/>
            <steps>
                <step start='1606169398983' status='undefined'>
                    <name>Can visit the block editor and add a Pay with PayPal block</name>
                    <title>Can visit the block editor and add a Pay with PayPal block</title>
                    <attachments>
                        <attachment title='Test failed: Paid blocks :: Pay with PayPal' source='1da2e67b-e0a5-47bd-9d30-0075fb961628-attachment.png' type='image/png' size='41214'/>
                    </attachments>
                    <steps/>
                </step>
            </steps>
            <attachments/>
            <failure>
                <message>TimeoutError: page.click: Timeout 30000ms exceeded.
                =========================== logs ===========================
                waiting for selector ".edit-post-header [aria-label="Add block"]"
                  selector resolved to visible &lt;button disabled type="button" id="id-lfim5e-1" aria-pre…>…&lt;/button>
                attempting click action
                  waiting for element to be visible, enabled and not moving
                    element is disabled - waiting...
                ============================================================
                Note: use DEBUG=pw:api environment variable and rerun to capture Playwright logs.</message>
                <stack-trace>page.click: Timeout 30000ms exceeded.
                =========================== logs ===========================
                waiting for selector ".edit-post-header [aria-label="Add block"]"
                  selector resolved to visible &lt;button disabled type="button" id="id-lfim5e-1" aria-pre…>…&lt;/button>
                attempting click action
                  waiting for element to be visible, enabled and not moving
                    element is disabled - waiting...
                ============================================================
                Note: use DEBUG=pw:api environment variable and rerun to capture Playwright logs.: 
                    at Connection.sendMessageToServer (/home/runner/work/jetpack/jetpack/node_modules/playwright/lib/client/connection.js:69:15)
                    at Proxy.&lt;anonymous> (/home/runner/work/jetpack/jetpack/node_modules/playwright/lib/client/channelOwner.js:54:53)
                    at /home/runner/work/jetpack/jetpack/node_modules/playwright/lib/client/frame.js:257:40
                    at Frame._wrapApiCall (/home/runner/work/jetpack/jetpack/node_modules/playwright/lib/client/channelOwner.js:80:34)
                    at Frame.click (/home/runner/work/jetpack/jetpack/node_modules/playwright/lib/client/frame.js:256:21)
                    at /home/runner/work/jetpack/jetpack/node_modules/playwright/lib/client/page.js:403:60
                    at Page._attributeToPage (/home/runner/work/jetpack/jetpack/node_modules/playwright/lib/client/page.js:202:20)
                    at Page.click (/home/runner/work/jetpack/jetpack/node_modules/playwright/lib/client/page.js:403:21)
                    at click (/home/runner/work/jetpack/jetpack/node_modules/@wordpress/e2e-test-utils/build/@wordpress/e2e-test-utils/src/open-global-block-inserter.js:5:13)
                    at tryCatch (/home/runner/work/jetpack/jetpack/node_modules/regenerator-runtime/runtime.js:45:40)</stack-trace>
            </failure>
        </test-case>
        <test-case start='1606169436538' status='failed' stop='1606169473832'>
            <name>WordAds block</name>
            <title>WordAds block</title>
            <labels/>
            <parameters/>
            <steps>
                <step start='1606169436538' status='undefined'>
                    <name>Can visit the block editor and add a WordAds block</name>
                    <title>Can visit the block editor and add a WordAds block</title>
                    <attachments>
                        <attachment title='Test failed: Paid blocks :: WordAds block' source='74aba2d7-c6dd-4e2b-8c7b-c2c03deec082-attachment.png' type='image/png' size='41214'/>
                    </attachments>
                    <steps/>
                </step>
            </steps>
            <attachments/>
            <failure>
                <message>TimeoutError: page.click: Timeout 30000ms exceeded.
                =========================== logs ===========================
                waiting for selector ".edit-post-header [aria-label="Add block"]"
                  selector resolved to visible &lt;button disabled type="button" id="id-h7tiah-1" aria-pre…>…&lt;/button>
                attempting click action
                  waiting for element to be visible, enabled and not moving
                    element is disabled - waiting...
                ============================================================
                Note: use DEBUG=pw:api environment variable and rerun to capture Playwright logs.</message>
                <stack-trace>page.click: Timeout 30000ms exceeded.
                =========================== logs ===========================
                waiting for selector ".edit-post-header [aria-label="Add block"]"
                  selector resolved to visible &lt;button disabled type="button" id="id-h7tiah-1" aria-pre…>…&lt;/button>
                attempting click action
                  waiting for element to be visible, enabled and not moving
                    element is disabled - waiting...
                ============================================================
                Note: use DEBUG=pw:api environment variable and rerun to capture Playwright logs.: 
                    at Connection.sendMessageToServer (/home/runner/work/jetpack/jetpack/node_modules/playwright/lib/client/connection.js:69:15)
                    at Proxy.&lt;anonymous> (/home/runner/work/jetpack/jetpack/node_modules/playwright/lib/client/channelOwner.js:54:53)
                    at /home/runner/work/jetpack/jetpack/node_modules/playwright/lib/client/frame.js:257:40
                    at Frame._wrapApiCall (/home/runner/work/jetpack/jetpack/node_modules/playwright/lib/client/channelOwner.js:80:34)
                    at Frame.click (/home/runner/work/jetpack/jetpack/node_modules/playwright/lib/client/frame.js:256:21)
                    at /home/runner/work/jetpack/jetpack/node_modules/playwright/lib/client/page.js:403:60
                    at Page._attributeToPage (/home/runner/work/jetpack/jetpack/node_modules/playwright/lib/client/page.js:202:20)
                    at Page.click (/home/runner/work/jetpack/jetpack/node_modules/playwright/lib/client/page.js:403:21)
                    at click (/home/runner/work/jetpack/jetpack/node_modules/@wordpress/e2e-test-utils/build/@wordpress/e2e-test-utils/src/open-global-block-inserter.js:5:13)
                    at tryCatch (/home/runner/work/jetpack/jetpack/node_modules/regenerator-runtime/runtime.js:45:40)</stack-trace>
            </failure>
        </test-case>
    </test-cases>
</ns2:test-suite>