<?xml version='1.0'?>
<ns2:test-suite xmlns:ns2='urn:model.allure.qatools.yandex.ru' start='1606225159599' stop='1606225330391'>
    <name>Paid blocks</name>
    <title>Paid blocks</title>
    <test-cases>
        <test-case start='1606225203752' status='failed' stop='1606225245780'>
            <name>MailChimp Block</name>
            <title>MailChimp Block</title>
            <labels/>
            <parameters/>
            <steps>
                <step start='1606225203753' status='undefined'>
                    <name>Can visit the block editor and add a MailChimp block</name>
                    <title>Can visit the block editor and add a MailChimp block</title>
                    <attachments>
                        <attachment title='Test failed: Paid blocks :: MailChimp Block' source='0cdb1e08-d99e-4007-be51-a93936bb61eb-attachment.png' type='image/png' size='41214'/>
                    </attachments>
                    <steps/>
                </step>
            </steps>
            <attachments/>
            <failure>
                <message>TimeoutError: page.click: Timeout 30000ms exceeded.
                =========================== logs ===========================
                waiting for selector ".edit-post-header [aria-label="Add block"]"
                  selector resolved to visible &lt;button disabled type="button" id="id-7t2olb-1" aria-pre…>…&lt;/button>
                attempting click action
                  waiting for element to be visible, enabled and not moving
                    element is disabled - waiting...
                ============================================================
                Note: use DEBUG=pw:api environment variable and rerun to capture Playwright logs.</message>
                <stack-trace>page.click: Timeout 30000ms exceeded.
                =========================== logs ===========================
                waiting for selector ".edit-post-header [aria-label="Add block"]"
                  selector resolved to visible &lt;button disabled type="button" id="id-7t2olb-1" aria-pre…>…&lt;/button>
                attempting click action
                  waiting for element to be visible, enabled and not moving
                    element is disabled - waiting...
                ============================================================
                Note: use DEBUG=pw:api environment variable and rerun to capture Playwright logs.: 
                    at Connection.sendMessageToServer (/home/runner/work/jetpack/jetpack/node_modules/playwright/lib/client/connection.js:69:15)
                    at Proxy.&lt;anonymous> (/home/runner/work/jetpack/jetpack/node_modules/playwright/lib/client/channelOwner.js:54:53)
                    at /home/runner/work/jetpack/jetpack/node_modules/playwright/lib/client/frame.js:257:40
                    at Frame._wrapApiCall (/home/runner/work/jetpack/jetpack/node_modules/playwright/lib/client/channelOwner.js:80:34)
                    at Frame.click (/home/runner/work/jetpack/jetpack/node_modules/playwright/lib/client/frame.js:256:21)
                    at /home/runner/work/jetpack/jetpack/node_modules/playwright/lib/client/page.js:403:60
                    at Page._attributeToPage (/home/runner/work/jetpack/jetpack/node_modules/playwright/lib/client/page.js:202:20)
                    at Page.click (/home/runner/work/jetpack/jetpack/node_modules/playwright/lib/client/page.js:403:21)
                    at click (/home/runner/work/jetpack/jetpack/node_modules/@wordpress/e2e-test-utils/build/@wordpress/e2e-test-utils/src/open-global-block-inserter.js:5:13)
                    at tryCatch (/home/runner/work/jetpack/jetpack/node_modules/regenerator-runtime/runtime.js:45:40)</stack-trace>
            </failure>
        </test-case>
        <test-case start='1606225245781' status='failed' stop='1606225284041'>
            <name>Pay with PayPal</name>
            <title>Pay with PayPal</title>
            <labels/>
            <parameters/>
            <steps>
                <step start='1606225245781' status='undefined'>
                    <name>Can visit the block editor and add a Pay with PayPal block</name>
                    <title>Can visit the block editor and add a Pay with PayPal block</title>
                    <attachments>
                        <attachment title='Test failed: Paid blocks :: Pay with PayPal' source='16eddc9a-822e-4e9e-8802-8d213f0138eb-attachment.png' type='image/png' size='41194'/>
                    </attachments>
                    <steps/>
                </step>
            </steps>
            <attachments/>
            <failure>
                <message>TimeoutError: page.click: Timeout 30000ms exceeded.
                =========================== logs ===========================
                waiting for selector ".edit-post-header [aria-label="Add block"]"
                  selector resolved to visible &lt;button disabled type="button" id="id-946kj7-1" aria-pre…>…&lt;/button>
                attempting click action
                  waiting for element to be visible, enabled and not moving
                    element is disabled - waiting...
                ============================================================
                Note: use DEBUG=pw:api environment variable and rerun to capture Playwright logs.</message>
                <stack-trace>page.click: Timeout 30000ms exceeded.
                =========================== logs ===========================
                waiting for selector ".edit-post-header [aria-label="Add block"]"
                  selector resolved to visible &lt;button disabled type="button" id="id-946kj7-1" aria-pre…>…&lt;/button>
                attempting click action
                  waiting for element to be visible, enabled and not moving
                    element is disabled - waiting...
                ============================================================
                Note: use DEBUG=pw:api environment variable and rerun to capture Playwright logs.: 
                    at Connection.sendMessageToServer (/home/runner/work/jetpack/jetpack/node_modules/playwright/lib/client/connection.js:69:15)
                    at Proxy.&lt;anonymous> (/home/runner/work/jetpack/jetpack/node_modules/playwright/lib/client/channelOwner.js:54:53)
                    at /home/runner/work/jetpack/jetpack/node_modules/playwright/lib/client/frame.js:257:40
                    at Frame._wrapApiCall (/home/runner/work/jetpack/jetpack/node_modules/playwright/lib/client/channelOwner.js:80:34)
                    at Frame.click (/home/runner/work/jetpack/jetpack/node_modules/playwright/lib/client/frame.js:256:21)
                    at /home/runner/work/jetpack/jetpack/node_modules/playwright/lib/client/page.js:403:60
                    at Page._attributeToPage (/home/runner/work/jetpack/jetpack/node_modules/playwright/lib/client/page.js:202:20)
                    at Page.click (/home/runner/work/jetpack/jetpack/node_modules/playwright/lib/client/page.js:403:21)
                    at click (/home/runner/work/jetpack/jetpack/node_modules/@wordpress/e2e-test-utils/build/@wordpress/e2e-test-utils/src/open-global-block-inserter.js:5:13)
                    at tryCatch (/home/runner/work/jetpack/jetpack/node_modules/regenerator-runtime/runtime.js:45:40)</stack-trace>
            </failure>
        </test-case>
        <test-case start='1606225284051' status='failed' stop='1606225324004'>
            <name>WordAds block</name>
            <title>WordAds block</title>
            <labels/>
            <parameters/>
            <steps>
                <step start='1606225284052' status='undefined'>
                    <name>Can visit the block editor and add a WordAds block</name>
                    <title>Can visit the block editor and add a WordAds block</title>
                    <attachments>
                        <attachment title='Test failed: Paid blocks :: WordAds block' source='dbccdb46-3c8f-443e-8a4f-35a046b8cb9a-attachment.png' type='image/png' size='41194'/>
                    </attachments>
                    <steps/>
                </step>
            </steps>
            <attachments/>
            <failure>
                <message>TimeoutError: page.click: Timeout 30000ms exceeded.
                =========================== logs ===========================
                waiting for selector ".edit-post-header [aria-label="Add block"]"
                  selector resolved to visible &lt;button disabled type="button" id="id-vhingu-1" aria-pre…>…&lt;/button>
                attempting click action
                  waiting for element to be visible, enabled and not moving
                    element is disabled - waiting...
                ============================================================
                Note: use DEBUG=pw:api environment variable and rerun to capture Playwright logs.</message>
                <stack-trace>page.click: Timeout 30000ms exceeded.
                =========================== logs ===========================
                waiting for selector ".edit-post-header [aria-label="Add block"]"
                  selector resolved to visible &lt;button disabled type="button" id="id-vhingu-1" aria-pre…>…&lt;/button>
                attempting click action
                  waiting for element to be visible, enabled and not moving
                    element is disabled - waiting...
                ============================================================
                Note: use DEBUG=pw:api environment variable and rerun to capture Playwright logs.: 
                    at Connection.sendMessageToServer (/home/runner/work/jetpack/jetpack/node_modules/playwright/lib/client/connection.js:69:15)
                    at Proxy.&lt;anonymous> (/home/runner/work/jetpack/jetpack/node_modules/playwright/lib/client/channelOwner.js:54:53)
                    at /home/runner/work/jetpack/jetpack/node_modules/playwright/lib/client/frame.js:257:40
                    at Frame._wrapApiCall (/home/runner/work/jetpack/jetpack/node_modules/playwright/lib/client/channelOwner.js:80:34)
                    at Frame.click (/home/runner/work/jetpack/jetpack/node_modules/playwright/lib/client/frame.js:256:21)
                    at /home/runner/work/jetpack/jetpack/node_modules/playwright/lib/client/page.js:403:60
                    at Page._attributeToPage (/home/runner/work/jetpack/jetpack/node_modules/playwright/lib/client/page.js:202:20)
                    at Page.click (/home/runner/work/jetpack/jetpack/node_modules/playwright/lib/client/page.js:403:21)
                    at click (/home/runner/work/jetpack/jetpack/node_modules/@wordpress/e2e-test-utils/build/@wordpress/e2e-test-utils/src/open-global-block-inserter.js:5:13)
                    at tryCatch (/home/runner/work/jetpack/jetpack/node_modules/regenerator-runtime/runtime.js:45:40)</stack-trace>
            </failure>
        </test-case>
    </test-cases>
</ns2:test-suite>